<?xml version="1.0" encoding="UTF-8"?>
<testng-results ignored="0" total="1" passed="1" failed="0" skipped="0">
  <reporter-output>
  </reporter-output>
  <suite started-at="2025-03-15T08:54:03 IST" name="Default suite" finished-at="2025-03-15T08:54:03 IST" duration-ms="119">
    <groups>
    </groups>
    <test started-at="2025-03-15T08:54:03 IST" name="Default test" finished-at="2025-03-15T08:54:03 IST" duration-ms="119">
      <class name="Demo">
        <test-method signature="demo()[pri:0, instance:Demo@25ce9dc4]" started-at="2025-03-15T08:54:03 IST" name="demo" finished-at="2025-03-15T08:54:03 IST" duration-ms="17" status="PASS">
          <reporter-output>
          </reporter-output>
        </test-method> <!-- demo -->
      </class> <!-- Demo -->
    </test> <!-- Default test -->
  </suite> <!-- Default suite -->
</testng-results>
